<?xml version="1.0" encoding="UTF-8"?>
<testsuite name="com.example.miniproject.MiniprojectApplicationTests" tests="1" skipped="0" failures="0" errors="0" timestamp="2023-05-09T13:29:45" hostname="joyumin-ui-MacBookPro.local" time="0.075">
  <properties/>
  <testcase name="contextLoads()" classname="com.example.miniproject.MiniprojectApplicationTests" time="0.075"/>
  <system-out><![CDATA[22:29:42.489 [Test worker] DEBUG org.springframework.boot.test.context.SpringBootTestContextBootstrapper -- Neither @ContextConfiguration nor @ContextHierarchy found for test class [MiniprojectApplicationTests]: using SpringBootContextLoader
22:29:42.493 [Test worker] DEBUG org.springframework.test.context.support.AbstractContextLoader -- Could not detect default resource locations for test class [com.example.miniproject.MiniprojectApplicationTests]: no resource found for suffixes {-context.xml, Context.groovy}.
22:29:42.494 [Test worker] INFO org.springframework.test.context.support.AnnotationConfigContextLoaderUtils -- Could not detect default configuration classes for test class [com.example.miniproject.MiniprojectApplicationTests]: MiniprojectApplicationTests does not declare any static, non-private, non-final, nested classes annotated with @Configuration.
22:29:42.503 [Test worker] DEBUG org.springframework.boot.test.context.SpringBootTestContextBootstrapper -- Using ContextCustomizers for test class [MiniprojectApplicationTests]: [DisableObservabilityContextCustomizer, PropertyMappingContextCustomizer, Customizer, ExcludeFilterContextCustomizer, DuplicateJsonObjectContextCustomizer, MockitoContextCustomizer, TestRestTemplateContextCustomizer]
22:29:42.550 [Test worker] DEBUG org.springframework.context.annotation.ClassPathScanningCandidateComponentProvider -- Identified candidate component class: file [/Users/choyumin/Desktop/project/mini-project-upload/miniproject/build/classes/java/main/com/example/miniproject/MiniprojectApplication.class]
22:29:42.555 [Test worker] INFO org.springframework.boot.test.context.SpringBootTestContextBootstrapper -- Found @SpringBootConfiguration com.example.miniproject.MiniprojectApplication for test class com.example.miniproject.MiniprojectApplicationTests
22:29:42.627 [Test worker] DEBUG org.springframework.boot.test.context.SpringBootTestContextBootstrapper -- Using TestExecutionListeners for test class [MiniprojectApplicationTests]: [ServletTestExecutionListener, DirtiesContextBeforeModesTestExecutionListener, ApplicationEventsTestExecutionListener, MockitoTestExecutionListener, DependencyInjectionTestExecutionListener, DirtiesContextTestExecutionListener, TransactionalTestExecutionListener, SqlScriptsTestExecutionListener, EventPublishingTestExecutionListener, RestDocsTestExecutionListener, MockRestServiceServerResetTestExecutionListener, MockMvcPrintOnlyOnFailureTestExecutionListener, WebDriverTestExecutionListener, MockWebServiceServerTestExecutionListener, ResetMocksTestExecutionListener]
22:29:42.628 [Test worker] DEBUG org.springframework.test.context.support.AbstractDirtiesContextTestExecutionListener -- Before test class: class [MiniprojectApplicationTests], class annotated with @DirtiesContext [false] with mode [null]

  .   ____          _            __ _ _
 /\\ / ___'_ __ _ _(_)_ __  __ _ \ \ \ \
( ( )\___ | '_ | '_| | '_ \/ _` | \ \ \ \
 \\/  ___)| |_)| | | | | || (_| |  ) ) ) )
  '  |____| .__|_| |_|_| |_\__, | / / / /
 =========|_|==============|___/=/_/_/_/
 :: Spring Boot ::                (v3.0.6)

2023-05-09T22:29:42.744+09:00  WARN 9521 --- [    Test worker] ory$DuplicateJsonObjectContextCustomizer : 

Found multiple occurrences of org.json.JSONObject on the class path:

	jar:file:/Users/choyumin/.gradle/caches/modules-2/files-2.1/org.json/json/20220924/5aa95e7688f76c664af205c5937620f02688dfbc/json-20220924.jar!/org/json/JSONObject.class
	jar:file:/Users/choyumin/.gradle/caches/modules-2/files-2.1/com.vaadin.external.google/android-json/0.0.20131108.vaadin1/fa26d351fe62a6a17f5cda1287c1c6110dec413f/android-json-0.0.20131108.vaadin1.jar!/org/json/JSONObject.class

You may wish to exclude one of them to ensure predictable runtime behavior

2023-05-09T22:29:42.750+09:00  INFO 9521 --- [    Test worker] c.e.m.MiniprojectApplicationTests        : Starting MiniprojectApplicationTests using Java 20 with PID 9521 (started by choyumin in /Users/choyumin/Desktop/project/mini-project-upload/miniproject)
2023-05-09T22:29:42.751+09:00  INFO 9521 --- [    Test worker] c.e.m.MiniprojectApplicationTests        : No active profile set, falling back to 1 default profile: "default"
2023-05-09T22:29:42.985+09:00  INFO 9521 --- [    Test worker] .s.d.r.c.RepositoryConfigurationDelegate : Multiple Spring Data modules found, entering strict repository configuration mode
2023-05-09T22:29:42.985+09:00  INFO 9521 --- [    Test worker] .s.d.r.c.RepositoryConfigurationDelegate : Bootstrapping Spring Data Redis repositories in DEFAULT mode.
2023-05-09T22:29:42.997+09:00  INFO 9521 --- [    Test worker] .s.d.r.c.RepositoryConfigurationDelegate : Finished Spring Data repository scanning in 3 ms. Found 0 Redis repository interfaces.
2023-05-09T22:29:43.091+09:00  INFO 9521 --- [    Test worker] .s.d.r.c.RepositoryConfigurationDelegate : Multiple Spring Data modules found, entering strict repository configuration mode
2023-05-09T22:29:43.092+09:00  INFO 9521 --- [    Test worker] .s.d.r.c.RepositoryConfigurationDelegate : Bootstrapping Spring Data JPA repositories in DEFAULT mode.
2023-05-09T22:29:43.161+09:00  INFO 9521 --- [    Test worker] .s.d.r.c.RepositoryConfigurationDelegate : Finished Spring Data repository scanning in 68 ms. Found 5 JPA repository interfaces.
2023-05-09T22:29:43.166+09:00  INFO 9521 --- [    Test worker] .s.d.r.c.RepositoryConfigurationDelegate : Multiple Spring Data modules found, entering strict repository configuration mode
2023-05-09T22:29:43.166+09:00  INFO 9521 --- [    Test worker] .s.d.r.c.RepositoryConfigurationDelegate : Bootstrapping Spring Data Redis repositories in DEFAULT mode.
2023-05-09T22:29:43.170+09:00  INFO 9521 --- [    Test worker] .RepositoryConfigurationExtensionSupport : Spring Data Redis - Could not safely identify store assignment for repository candidate interface com.example.miniproject.repository.BlackListRepository; If you want this repository to be a Redis repository, consider annotating your entities with one of these annotations: org.springframework.data.redis.core.RedisHash (preferred), or consider extending one of the following types with your repository: org.springframework.data.keyvalue.repository.KeyValueRepository
2023-05-09T22:29:43.170+09:00  INFO 9521 --- [    Test worker] .RepositoryConfigurationExtensionSupport : Spring Data Redis - Could not safely identify store assignment for repository candidate interface com.example.miniproject.repository.CommentRepository; If you want this repository to be a Redis repository, consider annotating your entities with one of these annotations: org.springframework.data.redis.core.RedisHash (preferred), or consider extending one of the following types with your repository: org.springframework.data.keyvalue.repository.KeyValueRepository
2023-05-09T22:29:43.170+09:00  INFO 9521 --- [    Test worker] .RepositoryConfigurationExtensionSupport : Spring Data Redis - Could not safely identify store assignment for repository candidate interface com.example.miniproject.repository.PostRepository; If you want this repository to be a Redis repository, consider annotating your entities with one of these annotations: org.springframework.data.redis.core.RedisHash (preferred), or consider extending one of the following types with your repository: org.springframework.data.keyvalue.repository.KeyValueRepository
2023-05-09T22:29:43.170+09:00  INFO 9521 --- [    Test worker] .RepositoryConfigurationExtensionSupport : Spring Data Redis - Could not safely identify store assignment for repository candidate interface com.example.miniproject.repository.RefreshTokenRepository; If you want this repository to be a Redis repository, consider annotating your entities with one of these annotations: org.springframework.data.redis.core.RedisHash (preferred), or consider extending one of the following types with your repository: org.springframework.data.keyvalue.repository.KeyValueRepository
2023-05-09T22:29:43.170+09:00  INFO 9521 --- [    Test worker] .RepositoryConfigurationExtensionSupport : Spring Data Redis - Could not safely identify store assignment for repository candidate interface com.example.miniproject.repository.UserRepository; If you want this repository to be a Redis repository, consider annotating your entities with one of these annotations: org.springframework.data.redis.core.RedisHash (preferred), or consider extending one of the following types with your repository: org.springframework.data.keyvalue.repository.KeyValueRepository
2023-05-09T22:29:43.171+09:00  INFO 9521 --- [    Test worker] .s.d.r.c.RepositoryConfigurationDelegate : Finished Spring Data repository scanning in 4 ms. Found 0 Redis repository interfaces.
2023-05-09T22:29:43.490+09:00  INFO 9521 --- [    Test worker] o.hibernate.jpa.internal.util.LogHelper  : HHH000204: Processing PersistenceUnitInfo [name: default]
2023-05-09T22:29:43.514+09:00  INFO 9521 --- [    Test worker] org.hibernate.Version                    : HHH000412: Hibernate ORM core version 6.1.7.Final
2023-05-09T22:29:43.631+09:00  INFO 9521 --- [    Test worker] com.zaxxer.hikari.HikariDataSource       : HikariPool-1 - Starting...
2023-05-09T22:29:43.941+09:00  INFO 9521 --- [    Test worker] com.zaxxer.hikari.pool.HikariPool        : HikariPool-1 - Added connection com.mysql.cj.jdbc.ConnectionImpl@2965dd88
2023-05-09T22:29:43.942+09:00  INFO 9521 --- [    Test worker] com.zaxxer.hikari.HikariDataSource       : HikariPool-1 - Start completed.
2023-05-09T22:29:43.980+09:00  INFO 9521 --- [    Test worker] SQL dialect                              : HHH000400: Using dialect: org.hibernate.dialect.MySQLDialect
2023-05-09T22:29:44.576+09:00  INFO 9521 --- [    Test worker] o.h.e.t.j.p.i.JtaPlatformInitiator       : HHH000490: Using JtaPlatform implementation: [org.hibernate.engine.transaction.jta.platform.internal.NoJtaPlatform]
2023-05-09T22:29:44.580+09:00  INFO 9521 --- [    Test worker] j.LocalContainerEntityManagerFactoryBean : Initialized JPA EntityManagerFactory for persistence unit 'default'
2023-05-09T22:29:44.950+09:00  WARN 9521 --- [    Test worker] c.a.a.p.i.BasicProfileConfigLoader       : Your profile name includes a 'profile ' prefix. This is considered part of the profile name in the Java SDK, so you will need to include this prefix in your profile name when you reference this profile from your Java code.
2023-05-09T22:29:45.008+09:00  WARN 9521 --- [    Test worker] c.a.a.p.i.BasicProfileConfigLoader       : Your profile name includes a 'profile ' prefix. This is considered part of the profile name in the Java SDK, so you will need to include this prefix in your profile name when you reference this profile from your Java code.
2023-05-09T22:29:45.058+09:00  WARN 9521 --- [    Test worker] c.a.a.p.i.BasicProfileConfigLoader       : Your profile name includes a 'profile ' prefix. This is considered part of the profile name in the Java SDK, so you will need to include this prefix in your profile name when you reference this profile from your Java code.
2023-05-09T22:29:45.117+09:00  WARN 9521 --- [    Test worker] JpaBaseConfiguration$JpaWebConfiguration : spring.jpa.open-in-view is enabled by default. Therefore, database queries may be performed during view rendering. Explicitly configure spring.jpa.open-in-view to disable this warning
2023-05-09T22:29:45.269+09:00  INFO 9521 --- [    Test worker] o.s.s.web.DefaultSecurityFilterChain     : Will secure any request with [org.springframework.security.web.session.DisableEncodeUrlFilter@7734ddb8, org.springframework.security.web.context.request.async.WebAsyncManagerIntegrationFilter@7b2adbde, org.springframework.security.web.context.SecurityContextHolderFilter@237bdd46, org.springframework.security.web.header.HeaderWriterFilter@2b8106fa, org.springframework.web.filter.CorsFilter@6d7c8a2, org.springframework.security.web.authentication.logout.LogoutFilter@3adf3670, com.example.miniproject.jwt.JwtAuthFilter@1683b9ba, com.example.miniproject.jwt.JwtAuthFilter$$SpringCGLIB$$0@27563444, org.springframework.security.web.savedrequest.RequestCacheAwareFilter@310df168, org.springframework.security.web.servletapi.SecurityContextHolderAwareRequestFilter@3606c525, org.springframework.security.web.authentication.AnonymousAuthenticationFilter@470b7fcf, org.springframework.security.web.session.SessionManagementFilter@1a18e18d, org.springframework.security.web.access.ExceptionTranslationFilter@1d5e0621, com.example.miniproject.jwt.JwtAuthFilter$$SpringCGLIB$$0@27563444, org.springframework.security.web.access.intercept.FilterSecurityInterceptor@6ddccee4]
2023-05-09T22:29:45.273+09:00  WARN 9521 --- [    Test worker] o.s.s.c.a.web.builders.WebSecurity       : You are asking Spring Security to ignore org.springframework.boot.autoconfigure.security.servlet.StaticResourceRequest$StaticResourceRequestMatcher@4bcfa08b. This is not recommended -- please use permitAll via HttpSecurity#authorizeHttpRequests instead.
2023-05-09T22:29:45.273+09:00  INFO 9521 --- [    Test worker] o.s.s.web.DefaultSecurityFilterChain     : Will not secure org.springframework.boot.autoconfigure.security.servlet.StaticResourceRequest$StaticResourceRequestMatcher@4bcfa08b
2023-05-09T22:29:45.384+09:00  WARN 9521 --- [    Test worker] ion$DefaultTemplateResolverConfiguration : Cannot find template location: classpath:/templates/ (please add some templates, check your Thymeleaf configuration, or set spring.thymeleaf.check-template-location=false)
2023-05-09T22:29:45.450+09:00  INFO 9521 --- [    Test worker] c.e.m.MiniprojectApplicationTests        : Started MiniprojectApplicationTests in 2.801 seconds (process running for 3.316)
]]></system-out>
  <system-err><![CDATA[]]></system-err>
</testsuite>
